latitude,longitude,hAcc,vAcc,altitude,course,trueHeading,magneticHeading,speed,timestamp
39.95568497374702,116.43722810063723,65.0,11.9264554977417,45.45253372192383,-1.0,-1.0,-1.0,-1.0,1554706360.28497
39.95846150116271,116.43492077854648,65.0,10.0,42.79435729980469,-1.0,-1.0,-1.0,-1.0,1554710800.2659168
39.958611509195634,116.43495167351855,49.92375655287328,6.813939738816376,39.83918515738448,-1.0,-1.0,313.5364074707031,1.4543534517288208,1554710804.028857
39.95869316476047,116.43511448855034,35.740259464601465,6.414333391670231,39.925107901141175,-1.0,-1.0,313.5364074707031,0.7944939732551575,1554710805.028349
39.958795325545715,116.43521807009321,26.059269041306813,6.542726809547419,39.83946635757084,-1.0,-1.0,313.5364074707031,0.14146295189857483,1554710806.0305018
39.95886016837737,116.43528150460214,20.43174530401005,6.6880057760220115,39.87718818926506,-1.0,-1.0,313.5364074707031,0.04443010687828064,1554710807.029249
39.95891283214323,116.43530726008335,16.303182944760504,6.7621849990241705,39.86341173541204,-1.0,-1.0,313.5364074707031,0.1493813842535019,1554710808.0275831
39.95893230078128,116.43531384080944,14.68482917361384,6.853330563039508,39.88450138770323,-1.0,-1.0,312.47357177734375,0.18038107454776764,1554710809.0296621
39.95889509478246,116.43525501710242,10.498903117829927,6.815184006412957,39.756511109610415,-1.0,-1.0,308.91558837890625,0.15576320886611938,1554710810.028768
39.95890613130357,116.4352228436345,9.37565520942062,6.896735876759093,39.80243085092804,238.71636159356825,-1.0,304.3576965332031,0.23260533809661865,1554710811.7807283
39.958861876088385,116.43516997141728,9.011831714534646,6.91060761193893,39.83573332837317,290.2130434332478,-1.0,295.9347229003906,0.2419613152742386,1554710812.7302995
39.95883247215779,116.43512791906073,8.706598791467604,6.9091341130927315,39.87693109783739,309.96150442857083,-1.0,319.83868408203125,0.24481549859046936,1554710813.6797981
39.95879936955252,116.4350893310153,8.043144162312348,6.880675006289176,39.994454179397195,16.674339750809533,-1.0,315.3115539550781,0.06776344776153564,1554710814.629416
39.95879240500389,116.4350667142947,7.284022469861935,6.799256445485476,40.10228969841841,87.14309056639159,-1.0,314.3207092285156,0.038592465221881866,1554710816.5286367
39.958802556084315,116.43504229597575,6.847953403034009,6.757213830623672,40.00776751875423,301.45728108434344,-1.0,308.7438659667969,0.10943248867988586,1554710820.327342
39.95882043219007,116.43502796907408,6.825023746410919,6.76308670898526,39.77876314604065,321.18601357628285,-1.0,313.6327819824219,1.282715082168579,1554710822.226716
39.95882209265886,116.43499394344526,6.7549310998303325,6.771009918844449,39.72541532565628,317.309545733115,-1.0,314.6177978515625,1.0604103803634644,1554710823.1765237
39.95883749655449,116.43495645985661,6.983026908275586,6.805632577779817,39.580071027694615,318.90540821234157,-1.0,313.7749938964844,1.101807951927185,1554710825.0760932
39.958844438369404,116.43492295528148,6.897436132031075,6.759177371174633,39.45930594480967,311.447550506542,-1.0,315.83154296875,1.2298728227615356,1554710827.0027056
39.95885508818277,116.4348981528035,6.9905613696190825,6.782388005132927,39.48663454086411,320.84821442237546,-1.0,308.08648681640625,0.894239068031311,1554710829.0022473
39.958871117261474,116.43487399053632,7.134854625419742,6.823970192370836,39.526071432641004,331.80491151099267,-1.0,309.0848388671875,1.180755853652954,1554710831.0018349
39.958879215201456,116.43484650111665,7.003729213880683,6.7548151257769895,39.56152452095198,293.8353703480818,-1.0,311.5533752441406,1.180755853652954,1554710833.0014596
39.95887968132893,116.43481635926328,6.540791354921319,6.675243723302646,39.60762751388212,297.58988506218867,-1.0,312.6621398925781,1.1637794971466064,1554710834.0012867
39.95888772871378,116.43477865626396,6.605249254185888,6.591909628611959,39.72796170046548,298.7712956656186,-1.0,320.27789306640625,1.302550196647644,1554710836.0009615
39.958906556045854,116.43475337944886,6.484386825248344,6.701864086273037,39.783032856056,302.53268421272026,-1.0,320.2093505859375,1.302550196647644,1554710838.0006635
39.9589126310802,116.43471527319835,6.604482463583493,6.651845812329813,39.85822827709398,283.85905617341774,-1.0,315.58624267578125,1.2866337299346924,1554710840.000391
39.95892377721617,116.43469362260967,6.6669586553134454,6.642427496628988,39.96896589263846,296.841104916364,-1.0,302.3612365722656,1.6495534181594849,1554710842.0001402
39.958948983370306,116.43468046719026,6.422537935090542,6.66190593176549,40.131164779529975,331.3048054715902,-1.0,304.51434326171875,1.3910239934921265,1554710844.9997988
39.958964428970596,116.43465600598086,6.86719807693225,6.6524534944708495,40.23028751185653,324.03632662098494,-1.0,314.19354248046875,1.3137190341949463,1554710846.9995914
39.95897497214188,116.43463255928512,6.96652287435437,6.669809384646406,40.26187639247824,313.5671395325276,-1.0,319.7228698730469,1.2901830673217773,1554710847.9994922
39.95899784886907,116.43459709467398,7.279628408664108,6.743159079995072,40.396112688872385,308.87260900502963,-1.0,319.1700744628906,1.3519343137741089,1554710849.9993052
39.959016154001894,116.43456337475996,7.72143517927683,6.834599341955071,40.52215531691958,306.1187359179643,-1.0,311.4175720214844,1.3052911758422852,1554710851.9991283
39.95903881976141,116.43452759612886,7.8052422462778175,6.821947089897512,40.634224093887624,302.0273683333707,-1.0,311.5655212402344,1.3549847602844238,1554710853.998962
39.959054633867524,116.43449812540841,7.772462957832429,6.781134201760968,40.74068304877666,300.19819061869197,-1.0,312.5088195800781,1.1793302297592163,1554710855.998804
39.95907135649764,116.43448029590186,7.771608194804747,6.756667740717332,40.860137292700564,302.60580178604835,-1.0,317.4516906738281,1.0413273572921753,1554710857.9986544
39.959082273997545,116.43445725835907,7.995872493670042,6.7884425962463535,40.96304259436295,306.25666588742445,-1.0,314.3674621582031,1.0245776176452637,1554710859.9985108
39.959118039807635,116.43442479256325,8.063179622602604,6.7895328885225394,41.03154348003734,309.9011564727962,-1.0,315.7236328125,1.5411286354064941,1554710861.998374
39.959134531571536,116.43439249597893,8.162823616945328,6.799296097997508,41.099906101980054,308.60556910792445,-1.0,313.57861328125,1.5411286354064941,1554710863.998242
39.959140152061615,116.43436732547295,7.81053004846759,6.766316304197592,41.155644280042246,309.95035321070293,-1.0,313.0336608886719,1.016369104385376,1554710865.998114
39.95915337454445,116.43434557710285,7.727218825084486,6.736492188391193,41.22144601581596,307.5214505778392,-1.0,314.17462158203125,0.9568243622779846,1554710867.997991
39.95916771403756,116.43433069972868,7.7617782913164515,6.753500436950142,41.3085809324561,303.66067439198224,-1.0,310.6313171386719,0.9568243622779846,1554710868.997931
39.95917672024371,116.43429841710461,7.791813904973645,6.779076928759191,41.413149767932545,293.04475274487487,-1.0,312.2361145019531,1.257002592086792,1554710870.997812
39.95918946799007,116.43427181540643,7.390645763626733,6.788003660688309,41.55494139854269,287.980126604972,-1.0,307.59210205078125,0.9337714314460754,1554710873.9976404
39.95920949308853,116.43425027413444,7.455905788637669,6.693869651893392,41.68512533103694,286.70360630310967,-1.0,314.02880859375,1.1049575805664062,1554710875.9975288
39.95922858255555,116.43422288202876,7.792171159915346,6.78606153548233,41.81614000812512,285.49011688664285,-1.0,307.73974609375,1.0480538606643677,1554710878.997365
39.9592446365743,116.43420708383229,7.632168679301726,6.799155335867527,41.86021444662987,290.46006294872006,-1.0,306.33551025390625,1.0480538606643677,1554710879.997312
39.959259147304856,116.43418985163133,7.764895913979866,6.826753744172835,41.89300873943281,295.00549230830705,-1.0,311.0634460449219,1.2695962190628052,1554710880.9972582
39.95927443423165,116.43417168498286,7.922416498316706,6.835212830070901,41.94380907268947,298.04646495478124,-1.0,313.43743896484375,1.2695962190628052,1554710881.9972062
39.95929249196097,116.43414844599666,8.144286157704778,6.857376637564848,42.01177876979207,306.8994093297254,-1.0,315.010009765625,1.2695962190628052,1554710882.9971542
39.95930550864707,116.43412972296308,8.299753773778532,6.875192895590145,42.06022380741884,310.05741657585,-1.0,315.1993713378906,1.4258220195770264,1554710883.9971018
39.95932429205124,116.43411202611155,8.013404458380748,6.842503330277183,42.12287302497247,309.7885071707363,-1.0,316.8604736328125,1.5868364572525024,1554710884.9970503
39.959341859580974,116.43409541559464,7.718664787033633,6.817220433871466,42.186238857219934,318.18084008705637,-1.0,317.02545166015625,1.1981278657913208,1554710885.9969978
39.95935034927856,116.43407060900847,7.764666518832608,6.8418939498292355,42.22480810045767,311.31854867693204,-1.0,315.0783386230469,1.1981278657913208,1554710887.9968958
39.959365900388626,116.434036808935,8.078145315226427,6.885254134105247,42.25230619462003,304.16028801122917,-1.0,313.5985107421875,1.0569411516189575,1554710889.996795
39.95939380824272,116.43401329805484,7.95629581222047,6.779031986161742,42.32799518132907,300.98730861234856,-1.0,314.1171875,0.993065595626831,1554710891.9966946
39.959410469775484,116.43399683897161,7.795864789115658,6.816983590714861,42.42749948497873,298.55946752001125,-1.0,314.4524841308594,0.993065595626831,1554710892.9966447
39.959429669974476,116.4339870675623,7.731836764193124,6.846093696130264,42.51657554501162,302.26064747311307,-1.0,316.002197265625,0.993065595626831,1554710893.9965942
39.95945127269841,116.4339645174958,7.737079262625922,6.847724940858715,42.61009550236117,309.6106758213571,-1.0,317.4002380371094,1.2596368789672852,1554710894.9965477
39.959468218144394,116.4339428134405,7.702930106059419,6.883229587060787,42.71142526011441,309.1881161012751,-1.0,316.0481262207031,1.3738459348678589,1554710895.9964957
39.95948466518398,116.43392129672269,7.5106060497073175,6.891927919889517,42.81180513960356,310.5041904775715,-1.0,313.79217529296875,1.3738459348678589,1554710896.9964466
39.959502310477625,116.43390419509188,7.33439888879941,6.837069993001738,42.8931414200979,315.14570026145486,-1.0,310.4010009765625,1.3738459348678589,1554710897.9963973
39.95951501241436,116.43388639251813,7.543983662388647,6.855622613181843,42.98628971594821,313.99113869287123,-1.0,312.2782287597656,1.4899271726608276,1554710898.9963489
39.95953252720942,116.43387118109011,7.414581052863325,6.841665221869536,43.07500320789214,316.23736317756277,-1.0,310.75726318359375,1.5507020950317383,1554710899.9963007
39.95955351124506,116.43383979725272,7.333656024718161,6.827396286985991,43.224134642982555,312.1966225962037,-1.0,314.6920471191406,1.5028144121170044,1554710901.996203
39.95957760958408,116.43381052185848,7.236479637228187,6.826987011395159,43.315198652836955,312.80474960778656,-1.0,317.38720703125,1.14638352394104,1554710903.9961052
39.95959723908586,116.43379540657926,7.144599302546512,6.865719374223421,43.36381775451867,305.4601370862937,-1.0,312.3774719238281,1.5708739757537842,1554710905.9960096
39.95961952096733,116.43376367797438,7.282664622321056,6.799653600394107,43.44697914616118,307.8307401299816,-1.0,304.65924072265625,1.5331478118896484,1554710907.995913
39.95963240586084,116.43373374518511,6.889280448004165,6.723608878712356,43.55282771230518,301.3018186143145,-1.0,302.8518981933594,1.4496514797210693,1554710909.9958165
39.959642677233,116.4337042480803,6.634289242560144,6.650886626215676,43.639199829867124,295.5755254507011,-1.0,307.37451171875,1.182470440864563,1554710911.9957206
39.95965930597252,116.43368198876811,6.674913271390079,6.63024272379247,43.628975643227356,296.93864487290966,-1.0,309.8741149902344,0.9959594011306763,1554710913.9956245
39.959677911886914,116.43365211337915,6.77045149526033,6.623069651713055,43.61317979890933,299.9994315493073,-1.0,318.7212219238281,0.9987500309944153,1554710915.9955297
39.95969207141967,116.4336142192986,6.910342037680041,6.791848390077966,43.608352383952756,294.4042474443942,-1.0,318.8133850097656,1.2913824319839478,1554710917.9954338
39.959715717331726,116.43358084811247,6.990950922242442,6.813405211871258,43.59279691624887,304.8865832688083,-1.0,321.85711669921875,1.368932843208313,1554710919.9953394
39.959728531453074,116.43356364511475,6.417174010393255,6.816208331062214,43.6087453258584,298.1038964273977,-1.0,312.9689025878906,1.6296905279159546,1554710920.9952912
39.95974461056213,116.43354800129605,6.418547668057497,6.763597144187887,43.59896040688328,313.2884775352476,-1.0,313.9306945800781,1.6296905279159546,1554710921.9952445
39.95976394512841,116.43353736310205,6.329646218207873,6.740632766994509,43.6241265423284,322.06170406907194,-1.0,318.88763427734375,1.4665305614471436,1554710922.9951968
39.959788655627754,116.43351744144745,6.657627558363151,6.770821325179193,43.66268635641558,326.8393153652513,-1.0,318.8101501464844,1.328073263168335,1554710924.995102
39.95980304739694,116.43349227396953,7.131718516727912,6.8433854333080895,43.74280060700483,317.36226942224204,-1.0,315.8433837890625,1.1346583366394043,1554710926.9950073
39.95981504688442,116.43346631422526,7.1393441203752825,6.677632448103095,43.862122147623424,306.9123568567698,-1.0,327.28863525390625,1.244011402130127,1554710928.9949124
39.95983362210645,116.43344043366038,7.078233578735662,6.704974712307029,43.941053935999335,312.319158787029,-1.0,314.512939453125,1.3881889581680298,1554710930.9948182
39.95984410153542,116.43341006200912,7.396947575996481,6.8203341733358736,44.050303534544376,306.19755972978555,-1.0,315.84033203125,1.2753338813781738,1554710932.9947238
39.959872633163755,116.43339476098564,7.531915110182423,6.846569304327014,44.2231500602053,319.82851989770927,-1.0,316.3586730957031,1.2375911474227905,1554710936.9945345
39.95989545337321,116.43338252409637,7.297542537485822,6.807217188860077,44.27294656142873,323.38291787496183,-1.0,346.470703125,1.1310689449310303,1554710938.9944403
39.959913075245325,116.43338855552079,7.176271342579036,6.789068822596311,44.27342282794983,337.0476553560814,-1.0,340.9089660644531,1.114867925643921,1554710939.9943933
39.959942389507205,116.4334124810405,7.152167633139998,6.81024999572072,44.31155592188315,357.49300150902724,-1.0,17.055973052978516,1.531072735786438,1554710941.9943
39.95996021977408,116.43342159133738,7.038525068555962,6.853145199749665,44.32264369285844,356.73088250908995,-1.0,2.9284415245056152,1.124661922454834,1554710942.994251
39.959991941139386,116.43343695278229,6.8801461108603625,6.881532584227965,44.33864785288844,357.91721993248797,-1.0,12.411672592163086,0.9096753597259521,1554710944.9941578
39.96000936110433,116.43344943405639,6.742798391215028,6.8663140218632375,44.333300465253394,359.54975783407747,-1.0,39.045536041259766,0.8975982069969177,1554710945.9941106
39.960035997778256,116.43349543331468,6.479548046755971,6.756666246453751,44.30866970035825,2.1513321773632583,-1.0,58.32395553588867,0.93294757604599,1554710946.9940624
39.96005322305542,116.43354347865521,6.309595667372034,6.674748835301295,44.252767870064886,27.89865630192892,-1.0,61.160614013671875,0.93294757604599,1554710947.9940157
39.96007366202712,116.43357944813363,6.390692408165579,6.691478416541188,44.19641554496122,46.68674299855617,-1.0,56.785709381103516,1.0933119058609009,1554710948.993969
39.96008867686979,116.43360999525194,6.559543095737792,6.71894953933147,44.11674873531451,54.97180588662887,-1.0,41.89607620239258,1.3191382884979248,1554710949.9939227
39.96010619832472,116.43363024493992,6.616109422174123,6.687377432085482,44.03408080838519,53.74073039976219,-1.0,31.370588302612305,1.2118524312973022,1554710950.9938753
39.9601284318696,116.43365932765242,7.119595985054654,6.728344471946757,43.92231952372134,54.135022000146115,-1.0,26.9757137298584,1.2118524312973022,1554710952.9937801
39.96015315357312,116.43369378677949,7.174957583522975,6.733370271193743,43.84789692375304,50.126574211676484,-1.0,42.964542388916016,0.8937637805938721,1554710954.9936864
39.960175846991326,116.4337299414946,7.4314267517145005,6.746665990931192,43.80416925889381,47.819629686697084,-1.0,53.825592041015625,0.8524934649467468,1554710956.9935932
39.960184084111965,116.43375226272056,7.595565127764879,6.805300104574579,43.76852174615475,47.43532326928554,-1.0,44.91061782836914,0.8524934649467468,1554710957.993545
39.960203747578,116.43378245960878,7.573003463209505,6.7903106851963635,43.74084876253692,55.18642569001225,-1.0,40.9683837890625,1.026013970375061,1554710959.9934506
39.96022648363099,116.43379600196994,7.598694778333041,6.782389273987172,43.72264953664992,56.20200423780852,-1.0,39.68426513671875,0.9345473051071167,1554710961.9933562
39.96024416707009,116.4338111787283,7.466722617169511,6.770225653568644,43.738488619577375,54.866224878699626,-1.0,42.697425842285156,0.8945230841636658,1554710962.9933097
39.960272034840266,116.43382994661643,7.644448150646323,6.772616781612885,43.72080935742623,50.89687116252976,-1.0,42.82067108154297,0.969741940498352,1554710964.993215
39.960288698913594,116.43384011583407,7.762022193371788,6.796151501970863,43.7158134733087,48.659995779706016,-1.0,37.92476272583008,1.1392598152160645,1554710965.9931686
39.96031397542837,116.4338634383527,7.603797818135448,6.782793089412419,43.745451713448155,50.39209982924562,-1.0,34.4752311706543,1.1392598152160645,1554710967.9930825
39.96033584968278,116.43387005420306,7.5468934596474115,6.790766665875294,43.73164162657093,48.036016399918566,-1.0,28.866241455078125,1.1731009483337402,1554710968.9930272
39.96036347740337,116.43388141702128,7.400462963044019,6.767267585831238,43.748910524099024,47.376619818361974,-1.0,34.123905181884766,0.9926033616065979,1554710970.9929333
39.96038875829343,116.43390783480416,7.355711905708019,6.792526906615684,43.7666306878363,56.63389440711137,-1.0,29.282333374023438,1.2393839359283447,1554710972.9928384
39.960421244576956,116.433919860042,7.59984586735062,6.809291302351949,43.78636452586843,55.89232554703668,-1.0,39.90960693359375,1.4616798162460327,1554710974.992744
39.96044906132913,116.43393590797339,7.556705059755024,6.793969716561555,43.801055308140185,56.38574598494222,-1.0,41.62445068359375,1.4055362939834595,1554710976.992652
39.96046782153013,116.43394685894813,7.500958292409407,6.8197541879033015,43.8091580834959,52.68378972022424,-1.0,46.07394027709961,1.4055362939834595,1554710977.9926038
39.96049060667448,116.43396275727643,7.419343594754503,6.788242107301296,43.83109965878448,50.492364715132936,-1.0,39.44293212890625,1.1825274229049683,1554710979.992509
39.960509141393544,116.4339750848607,7.624973980123314,6.792344604090325,43.80844369204763,47.43568415320191,-1.0,38.002628326416016,0.8235810399055481,1554710981.9924157
39.960520394349295,116.43399580101102,7.373403372213099,6.768487612813658,43.80390216458243,53.62589911533259,-1.0,38.725135803222656,1.070780873298645,1554710983.9923215
39.96053298423806,116.43401707015855,7.086067520339153,6.788483066072009,43.809137585066935,57.84889033828695,-1.0,40.29038619995117,1.1626355648040771,1554710985.9922278
39.96054121127867,116.4340388928323,7.263150391765423,6.773249679691049,43.79908008052325,58.89120981790377,-1.0,43.152591705322266,0.9694719314575195,1554710987.9921327
39.960559681412406,116.43405673399361,7.2174674849417535,6.754337702046325,43.786109939676116,55.598752442797064,-1.0,48.51869583129883,0.9321305751800537,1554710989.9920397
39.96057514440044,116.43408867394886,7.019146418115661,6.7639313630009195,43.79589911979616,55.419945751111854,-1.0,44.85183334350586,1.188552737236023,1554710990.9919918
39.96058945456049,116.43411053713568,7.0145854065729445,6.781240975654914,43.807580026674145,54.46298692556321,-1.0,46.0843620300293,1.188552737236023,1554710991.991945
39.96060299537261,116.4341278090956,7.100694578927413,6.8015620570688435,43.816257451594154,51.9759333326712,-1.0,41.03691482543945,1.188552737236023,1554710992.991898
39.96062126552042,116.43414411972799,7.0451110677152355,6.812891523480258,43.79944162657803,48.0249300662217,-1.0,42.71167755126953,1.4690991640090942,1554710994.9918036
39.960639974027885,116.43416634190517,7.018617873005684,6.795362657920563,43.81691535546247,50.75035250508858,-1.0,44.20503234863281,1.4920601844787598,1554710996.9917097
39.96066327577811,116.43418461293238,7.221569284261986,6.809371460155448,43.810795062703235,47.208758064044524,-1.0,41.67845153808594,1.3638180494308472,1554710998.9916158
39.96068091259325,116.43421080673053,7.177152020870058,6.700716789442705,43.783994047141896,52.36559994111858,-1.0,40.69318771362305,1.1895906925201416,1554711000.9915218
39.960706611055016,116.4342376391498,7.1155110976617,6.647717377917797,43.740221612885655,49.42550180326697,-1.0,45.180721282958984,1.0324617624282837,1554711003.9913802
39.960724739280614,116.4342880921588,7.120914296358314,6.7547758959571675,43.71977452047802,53.603804284607946,-1.0,44.84774398803711,1.49765944480896,1554711005.9912863
39.960745868221146,116.4343186524777,7.266986633366023,6.700705195256879,43.65129873608504,51.172568938296486,-1.0,45.83195495605469,1.389390230178833,1554711007.9911919
39.960760361484624,116.43434080551005,7.448932508938674,6.666428552224872,43.572324972605315,49.37996218530244,-1.0,40.25606155395508,1.2035099267959595,1554711009.991098
39.96078603423631,116.43434574655917,7.456010346403728,6.703299203195312,43.48149948357839,47.362890302677116,-1.0,39.007965087890625,1.0722845792770386,1554711011.9910045
39.960814976085366,116.4343785663931,7.27143975707676,6.704818494627184,43.42127894877357,53.34304811705282,-1.0,36.704368591308594,1.1811624765396118,1554711013.99091
39.960835727001054,116.43440832354412,7.318058757323463,6.7168743792923005,43.33022793947431,57.36145700396087,-1.0,36.716033935546875,1.2555309534072876,1554711015.9908156
39.96085678590901,116.4344187469125,7.214657301210726,6.7205531101563984,43.219381225526746,53.791832016940845,-1.0,39.42851257324219,1.2555309534072876,1554711017.9907227
39.96088294242288,116.43443450103858,6.816357142858908,6.578010262772308,43.12519947996903,53.610283885279145,-1.0,34.98694610595703,0.8335207104682922,1554711019.9906278
39.96090532321228,116.43445096495464,6.9214706465029705,6.6172343722087525,43.066051155621565,53.16059240577536,-1.0,36.41543960571289,0.9635106921195984,1554711021.9905338
39.96092925840109,116.43447675057865,6.803075049322971,6.598495269400697,43.04576908372602,49.55720745804965,-1.0,42.7435188293457,1.1054720878601074,1554711023.9904397
39.960949702419036,116.43449913047608,7.048556264676158,6.612547021505975,43.01167869942526,48.77387595400637,-1.0,40.355159759521484,1.1430027484893799,1554711025.9903455
39.96096422794753,116.43451621729193,7.221041698326299,6.595458678087587,43.00904840050609,53.98289242212707,-1.0,42.248897552490234,1.1430027484893799,1554711027.990251
39.960990683618455,116.43453383496903,6.982160591328731,6.641080786421599,42.98863839073727,54.65494565947013,-1.0,42.81243133544922,1.019795536994934,1554711029.9901567
39.96100808763009,116.43455642456759,6.871369780325973,6.64867893207048,42.994918995712254,52.393143960398106,-1.0,39.83717346191406,1.259536862373352,1554711030.9901109
39.961024387829,116.43458874503168,6.6189429809781855,6.628746997468334,43.00944577284959,45.68175382010152,-1.0,37.28096008300781,1.5119205713272095,1554711031.9900627
39.96104008091561,116.43461283121731,6.623767963159111,6.612475760789874,43.02457382190727,49.79011424990339,-1.0,40.15959930419922,1.3372845649719238,1554711033.9899693
39.961061039226585,116.43463203947583,6.7775510257072895,6.590660553482554,43.02546667011218,51.012301997628526,-1.0,26.481651306152344,0.9393361210823059,1554711035.9898756
39.961078807778705,116.43464914051705,6.626074671195374,6.567427953690272,43.04437358433893,47.76959905614116,-1.0,13.163921356201172,0.9393361210823059,1554711037.989781
39.96109398671063,116.43467365258716,6.774530955190566,6.55281791984213,43.028471558635296,45.7788709166918,-1.0,6.096900939941406,1.0035566091537476,1554711039.989687
39.961113740384256,116.4346850770578,6.737608500998353,6.582031896779634,42.99024399192861,45.364789589732865,-1.0,32.62794876098633,1.0596388578414917,1554711041.9895926
39.96113399655629,116.43471784701634,6.830071755885187,6.520648464242242,42.95459324537465,52.54836600175612,-1.0,41.71331024169922,1.0366065502166748,1554711043.989499
39.96115655338454,116.43473838127704,6.897182167218807,6.491449174366719,42.89525652700199,54.6031312090353,-1.0,40.912174224853516,1.0641075372695923,1554711045.9894044
39.96116834055913,116.434768000258,6.661600986386231,6.5794215580510125,42.819048328211316,57.94390895076396,-1.0,39.604583740234375,1.0611227750778198,1554711047.9893112
39.961187490075254,116.43479414691735,6.353607002226615,6.466796036626288,42.75768462965743,53.596051009874884,-1.0,42.98146057128906,0.9425910711288452,1554711049.9892159
39.961204726523796,116.43482309552726,6.283744011124652,6.482571114942064,42.709318154793515,53.33607132296217,-1.0,29.08682632446289,1.0178873538970947,1554711051.989122
39.961223862033464,116.43484337212195,6.383596658219835,6.532764573269543,42.65685173768685,52.75450964590543,-1.0,20.57591438293457,0.914595365524292,1554711053.9890285
39.96123930616891,116.4348580366806,6.303145123157027,6.5461140289712505,42.60424804520479,47.73923621315534,-1.0,33.04057312011719,0.6453725695610046,1554711055.9889338
39.96125342776278,116.4348776502479,6.552915897708656,6.5386362401927665,42.547135774767995,49.221919121264314,-1.0,34.61402130126953,0.6056095957756042,1554711058.9887924
39.96127416118541,116.43489713178245,6.664550046356478,6.534451923237936,42.53654150693816,45.89559106727228,-1.0,15.278555870056152,0.8287188410758972,1554711060.9886992
39.961296840917115,116.43491240487215,6.220670868390862,6.314942651993105,42.503546247159555,47.94131903741576,-1.0,37.0039176940918,0.8287188410758972,1554711062.9886045
39.96131441562661,116.43493611850205,6.209817717421154,6.388595008565538,42.50987845254434,57.59236154378396,-1.0,38.9860725402832,0.8491954803466797,1554711064.988511
39.96133736370754,116.43495056466259,6.297276570801867,6.409707505596877,42.49867859070269,69.38829545248004,-1.0,32.02883529663086,1.0772168636322021,1554711066.9884162
39.961361287623305,116.43497930994263,6.194978838640697,6.3870284871944945,42.51731042031652,67.10686776776808,-1.0,32.8066520690918,0.9660796523094177,1554711068.9883227
39.96138193514194,116.43500538293013,6.4602853727537735,6.416575417679704,42.53584161026735,57.38048875706525,-1.0,41.68645477294922,0.9776718020439148,1554711070.9882286
39.961403360504335,116.43503176565193,6.4927682984775155,6.471793853532533,42.58262537501722,54.31941146523657,-1.0,36.86433410644531,0.9776718020439148,1554711072.9881346
39.96142101935601,116.4350590312754,6.687655818647827,6.631078127925078,42.58066047993269,39.61748152527405,-1.0,40.7042121887207,1.0032826662063599,1554711074.9880404
39.961444940851806,116.43507952539484,6.838496040828391,6.608394742697671,42.562545644386006,33.30948420254829,-1.0,37.01907730102539,1.0929065942764282,1554711076.9879456
39.96146455365197,116.43509282417811,6.908290767599858,6.606678233312473,42.55860997153251,34.23490805141102,-1.0,37.146629333496094,1.0929065942764282,1554711077.9878993
39.96148534021041,116.43511769784001,6.960230458320501,6.538445261468979,42.55025003865799,38.03874732091972,-1.0,30.664386749267578,1.4275500774383545,1554711079.987805
39.96149849648272,116.43515276765712,7.156436642216983,6.571510503712169,42.52151501644698,44.16352757487403,-1.0,51.166236877441406,1.083921194076538,1554711081.987711
39.96151549023632,116.43517569336062,7.395411617876153,6.551495572407304,42.48082759126918,47.56176866751763,-1.0,39.548484802246094,1.0307554006576538,1554711083.9876165
39.96153250266324,116.43519727365576,7.3534254012918945,6.542882803417887,42.4497984375466,50.83966906403451,-1.0,48.66147232055664,0.9255004525184631,1554711085.987523
39.961556201810076,116.43522163221388,7.370668052136335,6.477587230296305,42.43520374350885,51.08738753748513,-1.0,35.32372283935547,1.0212599039077759,1554711087.9874282
39.96157430268574,116.43524391702447,7.247776735374308,6.499789191951661,42.42689868221476,51.245355922459154,-1.0,35.771724700927734,1.058249831199646,1554711089.987335
39.961596743839905,116.43526277680786,7.320639613614241,6.406699535618477,42.43403073841373,52.49632145457349,-1.0,38.44446563720703,1.1442296504974365,1554711091.9872408
39.96162152904815,116.43527896498851,7.290905622425191,6.431122035050875,42.46602620531081,50.304024010511874,-1.0,38.672157287597656,1.0346907377243042,1554711093.9871466
39.96165272114465,116.43527779521331,6.969617292209036,6.391783750752028,42.50287968022546,46.649390139511254,-1.0,11.139196395874023,0.9332588315010071,1554711095.987053
39.961673079294165,116.43527260433281,6.776082879422738,6.358989850250205,42.55035569285594,43.85109159106831,-1.0,28.871076583862305,0.9310400485992432,1554711097.9869585
39.961695216087975,116.43529369761542,6.611405184833216,6.412745854214476,42.6049280105526,42.2603396571302,-1.0,33.56694030761719,0.9189336895942688,1554711099.986864
39.961713398795716,116.43532313637891,6.743280595423637,6.420966987586447,42.62367614843687,43.32613738437598,-1.0,43.99573516845703,1.037869930267334,1554711101.9867697
39.96173909713071,116.43534550951287,6.780193369944124,6.470006349045113,42.58874322651402,37.48115425306196,-1.0,30.539052963256836,1.1446685791015625,1554711103.9866762
39.9617537734766,116.43536438053692,6.665120405496958,6.443143689083514,42.539342296695985,38.689598142394665,-1.0,38.869972229003906,0.9389954209327698,1554711105.9865854
39.96176073113389,116.43538943488271,6.72323382255403,6.476064941081305,42.51332555525299,41.85482761777473,-1.0,32.68394470214844,0.9389954209327698,1554711107.986487
39.96177675707342,116.43540935808089,6.900250563155812,6.543291799259012,42.4810735681816,43.83619691492636,-1.0,33.87372970581055,0.869702935218811,1554711109.9863937
39.961785803276165,116.43544482828565,6.682537778306091,6.541724399408989,42.479370739001105,45.96973223717033,-1.0,35.410152435302734,0.9544582366943359,1554711111.9863
39.96179837838889,116.43547684751304,6.8147350537371825,6.569668788052029,42.43865998504416,41.527538115299755,-1.0,53.482913970947266,0.9544582366943359,1554711113.9862053
39.96181632390969,116.43549672655368,6.773312301022723,6.551623973201354,42.42150719593274,37.4700560931433,-1.0,42.17926025390625,1.0872591733932495,1554711114.9861588
39.96183218057611,116.43552770194681,6.833438650783827,6.514346618961462,42.38602621833985,42.10927956874911,-1.0,30.27625846862793,1.0382609367370605,1554711116.9860635
39.9618496119721,116.43553553770577,6.744342452563007,6.456598417278591,42.37209391710168,40.57884807452959,-1.0,32.572853088378906,0.9548695683479309,1554711117.9860177
39.96187854739296,116.43556330272808,6.729685004630374,6.442816924350839,42.330941290658444,42.763384090618224,-1.0,34.8769645690918,0.9540179371833801,1554711119.9859242
39.96190550668102,116.43557639506257,6.5383964352122925,6.242359372497206,42.32353789087402,41.055558657900924,-1.0,41.36381912231445,0.9381961226463318,1554711121.9858294
39.96192268235511,116.43559793087887,6.501056296061291,6.185154000763957,42.30844745167309,44.79844057849502,-1.0,43.52001953125,0.749745786190033,1554711123.985735
39.961940702321705,116.43560736657616,6.428649625376389,6.176287825541685,42.35753679618142,46.25825582990922,-1.0,41.873382568359375,0.7678037881851196,1554711124.9856887
39.961966221913784,116.43562091140781,6.372743069480711,6.250845500928336,42.40016990379095,38.2577292350075,-1.0,45.83484649658203,1.1222528219223022,1554711126.985594
39.961989001564675,116.43564736105195,6.287489985574779,6.323085074044112,42.47422954251032,40.04000406678759,-1.0,45.32386016845703,1.1295772790908813,1554711128.9855006
39.96201286960918,116.43567310432071,6.323582515408978,6.292942287702934,42.525620937708126,43.64277070316534,-1.0,47.999168395996094,1.2470487356185913,1554711130.985406
39.962039373999616,116.4356967721553,6.691182706794802,6.482267520372163,42.586859017016096,39.82866627808054,-1.0,44.21769332885742,1.2473474740982056,1554711132.985311
39.96207195767761,116.43571755771109,6.857957377960685,6.505496448695944,42.688381864127734,34.19100252387264,-1.0,37.001766204833984,1.343209147453308,1554711134.9852462
39.962100894127666,116.43574545281946,7.01918430561128,6.536226375841585,42.74719321676412,40.701060524950236,-1.0,40.38195037841797,1.4795427322387695,1554711136.985124
39.96211637210518,116.43575851851723,7.169760063558079,6.574884601224261,42.8182474380197,36.84217546284806,-1.0,42.52003479003906,1.4795427322387695,1554711137.9850764
39.96214261264985,116.43578499058063,7.24355263962201,6.533264387073276,42.91941560117295,39.53132597261306,-1.0,37.57280731201172,1.513182520866394,1554711139.984983
39.96216378681673,116.43581223876105,7.344635257143456,6.551053146445082,43.01256882645417,46.54990826964655,-1.0,37.170440673828125,1.3015332221984863,1554711141.9859667
39.962186324808116,116.4358367076239,7.520918508472919,6.5506241295543495,43.0896929217528,49.88192855261483,-1.0,37.52644729614258,1.2276374101638794,1554711143.9847949
39.962209132809775,116.43586658770595,7.629317828013261,6.508951314803147,43.13413345168985,58.40724655950854,-1.0,35.13593292236328,1.408949375152588,1554711145.9846997
39.96222788979008,116.43589317096183,7.736494811194043,6.490214800309867,43.17819931073705,56.869720479875454,-1.0,37.2065315246582,1.408949375152588,1554711147.9846063
39.962242356584376,116.43592541685173,7.946415808711712,6.5297839714452595,43.287246627153046,61.00758038094561,-1.0,36.19886016845703,1.1111124753952026,1554711149.9845116
39.96226496452726,116.43594815543247,7.9933735666577395,6.624961266938947,43.37598997479093,56.30736652850957,-1.0,34.076969146728516,1.4029759168624878,1554711151.9844177
39.96228680049022,116.43597170053134,8.013380798573595,6.5896801884259295,43.432102773317155,52.650082966684714,-1.0,42.98406982421875,1.240393877029419,1554711153.984324
39.96230650241063,116.43599628922573,7.9495016576464765,6.4595934772491095,43.45653870808954,52.62832773359795,-1.0,43.74890899658203,1.1874032020568848,1554711155.98423
39.96232243490975,116.4360177992765,8.091730829112908,6.461077797356669,43.46884122944732,55.999047824705414,-1.0,39.67106246948242,1.1015589237213135,1554711157.9841352
39.9623465030552,116.43603913694506,8.307231096048904,6.588645650312346,43.49691178984835,54.46527779643185,-1.0,37.46710205078125,1.280855417251587,1554711159.9840407
39.96235965616126,116.43605817512179,8.287685837528253,6.588985959771048,43.55287456735108,55.839482655235756,-1.0,43.47053146362305,0.9443772435188293,1554711161.9839478
39.96237571955618,116.43607792695201,8.364195827171306,6.670015682127061,43.581984855612156,51.45796029059529,-1.0,42.12204360961914,0.9443772435188293,1554711163.9838533
39.96239763511678,116.43609332262662,8.39234291922931,6.650752307115611,43.61137524311837,48.23467607302521,-1.0,50.13063430786133,0.9571073055267334,1554711165.9837594
39.962407191510074,116.43611987568026,8.42983597466617,6.681245391936015,43.61532840773808,53.616040001934884,-1.0,42.196739196777344,1.469363808631897,1554711166.9837127
39.96242747047182,116.43614079633667,8.30144033565512,6.656285429993236,43.615544761566845,57.19763462517885,-1.0,35.98384094238281,1.4084194898605347,1554711168.9836183
39.96245529759456,116.43615188372664,8.057182284602538,6.746154119387782,43.614628347354795,53.902613109863516,-1.0,31.81902313232422,0.9083011746406555,1554711170.9835243
39.96247640632401,116.43618237546933,7.982283557682356,6.671492908069169,43.59067492077167,48.65267146281376,-1.0,38.87763214111328,0.9355648756027222,1554711172.9834294
39.96249994146684,116.43622349247791,7.892911935969624,6.6919084394866895,43.546140213902326,48.84990892541569,-1.0,39.2236442565918,1.114356279373169,1554711174.983336
39.96251484739276,116.43623712657077,7.724315847007446,6.6479221890808216,43.54349277992667,43.14287167272683,-1.0,43.38285446166992,1.4951505661010742,1554711175.9832888
39.96253552055668,116.43626264506597,7.702744009523192,6.659760113932957,43.479483075279155,42.82991379309213,-1.0,51.41416931152344,1.2467951774597168,1554711177.983194
39.96254505813036,116.43628869215598,7.322888827885581,6.525716714431725,43.33824943850145,54.00764938409029,-1.0,72.91447448730469,1.0337915420532227,1554711179.9831014
39.96255259467159,116.43631052743855,7.545028755114379,6.600015839100724,43.258782636245,59.583999805225666,-1.0,64.87477111816406,0.9777256846427917,1554711181.9830065
39.96256213886457,116.43634677148425,7.4735069060336965,6.527623706717425,43.15317979138859,69.95949476129063,-1.0,42.09947967529297,1.0141525268554688,1554711183.9829133
39.962577503969655,116.43637182020788,7.685805101051628,6.517724030217389,43.076893013739515,69.96087317127146,-1.0,16.98275375366211,0.8994067311286926,1554711185.9828186
39.96260063740518,116.43637516108102,7.433029126105036,6.549671390498944,43.00392645879009,62.676836234611656,-1.0,353.795166015625,0.906550943851471,1554711187.9827237
39.96262772113194,116.43637338327764,7.400025215242072,6.5621253365408485,42.88609052268336,50.270262952529905,-1.0,1.5724151134490967,0.8953738808631897,1554711190.9825833
39.96264649709055,116.43638196742631,7.3850590083631085,6.527373437268177,42.837230140200106,39.97237999244907,-1.0,28.013744354248047,0.8953738808631897,1554711192.9824893
39.96266866568985,116.43639058652222,7.378469073811994,6.491602376076353,42.79395722681187,38.321357768706136,-1.0,41.852901458740234,1.0785948038101196,1554711194.9823952
39.962694096088484,116.43640084960936,7.618075334783008,6.491930206100696,42.740053390059686,31.937152634724068,-1.0,41.73530960083008,1.2055116891860962,1554711196.9823012
39.96272829785813,116.43642859734257,7.403431615923909,6.398098122526776,42.67394930872006,37.13664457691113,-1.0,39.98395919799805,1.280852198600769,1554711198.9822073
39.96274362689046,116.43644692462864,7.375296998335463,6.414728544970983,42.66760452168252,41.61231723616283,-1.0,42.81033706665039,1.6221709251403809,1554711199.9821591
39.962762122227936,116.43645945715677,7.443841122700382,6.431911119343545,42.631334336545706,39.856724908223576,-1.0,41.63935852050781,2.020340919494629,1554711200.9821131
39.96277898209729,116.43646826555296,7.410898908377413,6.407904093285428,42.59922600889735,41.17112747172966,-1.0,40.36948013305664,2.020340919494629,1554711201.9820652
39.962804527924625,116.43648970153336,7.290891243110477,6.38175270497807,42.54329793066355,42.87671628278908,-1.0,40.762733459472656,1.4937223196029663,1554711203.9819722
39.96282883100941,116.43650625222203,7.343654208722874,6.3644975653494384,42.53789767545066,42.04224426469512,-1.0,33.305946350097656,0.9611238241195679,1554711205.9818783
39.96284860636261,116.4365295213525,7.25838482739609,6.330987667689055,42.55893411949325,46.07505692749545,-1.0,32.653968811035156,0.9829629063606262,1554711207.9817834
39.96287697138386,116.43654053790927,7.066178755353886,6.310160597151433,42.60215135967607,42.5242807883106,-1.0,37.56267166137695,0.9561654925346375,1554711209.98169
39.96288888178717,116.436559781891,6.9866911313852,6.225118804053915,42.590171179344814,45.5155250195986,-1.0,46.088966369628906,1.2999396324157715,1554711210.9816432
39.96290270324578,116.43657820824747,6.994646891941157,6.249055591929287,42.6040252654715,45.03931687220561,-1.0,50.3526725769043,1.5873242616653442,1554711211.9815955
39.96291542986424,116.43659886461643,6.989473597469247,6.310141412238372,42.612531519200644,46.990781455456364,-1.0,47.3220329284668,1.2999396324157715,1554711212.9815488
39.9629427697815,116.43662806010163,6.925318112026343,6.371051246289092,42.62731565698753,46.73054085254551,-1.0,35.423885345458984,1.3634952306747437,1554711214.9814544
39.962973702169315,116.43664592185588,6.883747546032057,6.459993653936179,42.66176490424275,36.064200379627536,-1.0,36.91950607299805,1.3086446523666382,1554711216.98136
39.96299541167425,116.4366657398093,6.87843074292489,6.521498166598029,42.66499403637693,34.63919459870696,-1.0,35.450958251953125,1.3086446523666382,1554711218.981266
39.963015041049715,116.43669340254333,6.789420694006971,6.390007925182845,42.65581912745078,46.21880226407984,-1.0,68.82962799072266,1.1152821779251099,1554711220.9811726
39.963029782486785,116.43671358372336,6.782124527006812,6.413926384569771,42.642764237786,50.81953659046964,-1.0,60.752559661865234,1.3412747383117676,1554711221.9811249
39.96304273578709,116.43673243664396,6.63281879966926,6.314339737545635,42.634263283792826,54.24299289155658,-1.0,49.578758239746094,1.247275710105896,1554711222.9810777
39.963057844095275,116.43677002475958,6.575562884587168,6.4149286449270555,42.577218797852716,58.3495938144439,-1.0,39.52387619018555,1.247275710105896,1554711224.9809842
39.96307845336415,116.43679870084544,6.550776636026979,6.290780161390541,42.4645303383686,49.6552637512648,-1.0,32.654258728027344,1.3964636325836182,1554711226.98089
39.96309986171336,116.43681111982275,6.670215462798193,6.329010436446324,42.340430025127745,44.50297586992925,-1.0,27.119794845581055,1.2139816284179688,1554711228.9807959
39.963118869462036,116.43683051882229,6.699354400542139,6.429468101447011,42.23516138588875,38.63825738461816,-1.0,25.951778411865234,1.330480933189392,1554711230.980701
39.96313505811011,116.4368416893066,6.766046882681268,6.391613140934,42.17673225581145,34.8740163642428,-1.0,37.916717529296875,1.7209339141845703,1554711231.9806542
39.96316521023923,116.43685898717028,6.9595739198663225,6.470707404118814,42.004170061872415,31.527625716752386,-1.0,45.96574783325195,1.420344591140747,1554711233.9993446
39.96318079197114,116.43687223005,7.110830193140436,6.409772343858905,41.96692255683725,32.806703008498445,-1.0,42.92015075683594,1.509957194328308,1554711234.9993253
39.96320549159062,116.43689641400361,7.31278419467034,6.273427959127304,41.852164208606176,35.85892797225728,-1.0,38.941993713378906,1.509957194328308,1554711236.9993873
39.96322632847705,116.43692606897197,7.707037876368675,6.318969166905161,41.740108904819486,42.51719242235228,-1.0,35.72468566894531,1.4913355112075806,1554711238.999454
39.96323977852632,116.43694215982791,7.878529297187614,6.333876259519356,41.694577345467955,44.312244113642045,-1.0,36.537601470947266,1.7181694507598877,1554711239.999536
39.96326660760175,116.4369623779645,8.112294416461086,6.312102517625385,41.574109917968094,39.23294510893914,-1.0,38.68731689453125,1.6298115253448486,1554711241.99959
39.96329497535486,116.43697639554493,8.223429586504915,6.215758645554877,41.52735260869107,36.32522280031508,-1.0,39.862823486328125,1.4133275747299194,1554711243.9996314
39.963322208974944,116.4369944665767,7.955756386653873,6.2572693880563985,41.47591313764148,36.483902554575195,-1.0,38.110435485839844,1.3246935606002808,1554711245.9996743
39.96334862270311,116.4370161705372,7.825869143159321,6.282972832221155,41.454972528525204,38.54940121701915,-1.0,38.9896125793457,1.3913558721542358,1554711247.9997
39.96337399276009,116.43702745007376,7.993817444280863,6.293084030623125,41.43199877081544,37.94213249654259,-1.0,44.80342102050781,1.240260362625122,1554711249.9997282
39.963385690299184,116.43704556855268,7.989925221432879,6.354332002763317,41.45902203244607,39.804234515950206,-1.0,44.76240539550781,1.5615814924240112,1554711250.999694
39.96340149493093,116.43707056546425,7.931276862151436,6.330890083147931,41.4896907917485,42.71403040799259,-1.0,40.66687774658203,1.3253984451293945,1554711252.9997258
39.9634176873265,116.43709176904996,7.855351813568067,6.344033649328681,41.512860040232184,43.57245973487001,-1.0,43.93863296508789,1.1577377319335938,1554711254.9996603
39.96342460374224,116.43711927393717,7.469443263092422,6.209966441756853,41.55365921104334,52.570743869663836,-1.0,83.23703002929688,1.2332956790924072,1554711256.9995918
39.96342589108586,116.43716000163238,7.300738510384072,6.28159366988841,41.618844210341024,74.37748822609792,-1.0,109.85939025878906,1.333235263824463,1554711258.999519
39.96342150807824,116.43718279392432,6.758762663970928,6.167069507315208,41.64528616907089,79.65644875042607,-1.0,124.23804473876953,1.446372389793396,1554711259.9994829
39.96340583003592,116.43721826664964,6.806991560688543,6.133073708714778,41.655973450981236,93.47002001733874,-1.0,121.93692016601562,1.132913589477539,1554711261.9994066
39.963387060849215,116.43724214212853,6.837923472615962,6.130092568260549,41.69328377515269,104.97556565198349,-1.0,126.43688201904297,1.0321000814437866,1554711263.999329
39.96336832338415,116.437260346094,7.047599029177115,6.087853636107345,41.69984304080588,112.94514013847366,-1.0,135.89340209960938,0.9519835114479065,1554711265.99925
39.96334683375075,116.43728159197144,7.108771775624334,6.130807683816973,41.638027664938214,120.1653759082634,-1.0,137.43016052246094,0.9519835114479065,1554711267.9991684
39.96332708039629,116.43730511609155,6.975057738230589,6.072667475863381,41.582590347498325,126.82364743614757,-1.0,141.2659149169922,0.9251369833946228,1554711269.9990876
39.96330453642007,116.43734191152508,7.166835825594247,6.151521419091715,41.57243203251555,131.28848659308073,-1.0,139.313720703125,1.0367178916931152,1554711271.9990036
39.963291005100956,116.43737305644039,7.5122362582706925,6.211363947046442,41.55381807564072,126.8621100227896,-1.0,140.4718780517578,1.0875914096832275,1554711273.9989192
39.96328110822589,116.43740082274775,7.986718855831968,6.272991912636079,41.53641603631686,130.0152295549093,-1.0,140.0526885986328,0.8596176505088806,1554711275.9988332
39.96326921061846,116.437431421536,8.368878479928622,6.242613644793313,41.56223076709507,132.65594393729842,-1.0,137.49270629882812,0.9072012901306152,1554711277.9987464
39.963250419790725,116.43745899814037,8.465487074504768,6.308186097432885,41.58217197372526,135.61821150550665,-1.0,135.96026611328125,0.9264835715293884,1554711279.9986587
39.96322924453956,116.43747785268664,7.893239697209291,6.296885931860193,41.58190393644303,142.42007534127038,-1.0,133.35633850097656,0.9340576529502869,1554711281.998571
39.96320892155437,116.43749618383843,7.992114449927296,6.239701605507052,41.566654874396384,147.8232730676958,-1.0,132.87498474121094,0.9176193475723267,1554711283.9984827
39.96319283566955,116.4375091374932,7.895259946490625,6.266406277922335,41.56127030451289,150.91909041085023,-1.0,131.83319091796875,0.9066346287727356,1554711284.9984388
39.96316454457355,116.43752729435718,7.853814436393594,6.406717736974762,41.58570935688131,156.22992552341123,-1.0,142.49114990234375,0.9128954410552979,1554711286.9983485
39.963150268232894,116.43754548760803,7.846061723695585,6.380951615508013,41.60139935532795,157.5596956877537,-1.0,138.07192993164062,0.9128954410552979,1554711287.9983048
39.96312063201224,116.4375774391583,7.6469212725070586,6.3972429049563395,41.60599361417521,158.98587493414158,-1.0,135.66619873046875,0.9442419409751892,1554711288.9982595
39.9631058566569,116.43760493220283,7.535349834938255,6.357077517201924,41.608789041502426,157.28847914178976,-1.0,127.97583770751953,0.9442419409751892,1554711289.9982147
39.96308906176111,116.43763311583902,7.552762947232831,6.316523500185015,41.610218537832154,151.86539018353946,-1.0,135.3979949951172,1.123560905456543,1554711290.9981694
39.963079164437225,116.43765445330187,7.551322042509869,6.329828559599787,41.61412488632908,150.17819926000982,-1.0,138.83493041992188,1.123560905456543,1554711291.998125
39.96305842680239,116.43769028941303,7.466311373170016,6.3501803359400535,41.63231021060483,149.73697547097262,-1.0,143.47998046875,0.9608229994773865,1554711293.9980342
39.96304267566212,116.43772476961165,7.461519605218695,6.353161872002708,41.644593979866414,145.4294550987032,-1.0,144.65313720703125,0.9398506879806519,1554711295.9979434
39.963026193692244,116.43773869117969,7.350966881067438,6.345281533107557,41.638303943869666,145.68755873003317,-1.0,140.04006958007812,0.9398506879806519,1554711296.997898
39.962997345912164,116.4377765107481,7.161089356142807,6.313907762708654,41.631214526419264,151.22321533682842,-1.0,138.3885955810547,0.8312676548957825,1554711298.9978065
39.9629813595782,116.43779213545568,7.235600855250979,6.303621576387876,41.614495669530015,160.1550455580193,-1.0,131.45657348632812,0.8333525061607361,1554711299.9977608
39.96296814841183,116.4378180836825,7.103890339229043,6.237773269407582,41.61139788251839,159.26020847573855,-1.0,130.77691650390625,0.9524783492088318,1554711300.9977164
39.96295667666775,116.43783863883304,7.182161334277342,6.255474727998728,41.60936398181821,158.07721327586685,-1.0,120.7041015625,0.9802095890045166,1554711301.9976692
39.962945060392144,116.43785763730426,7.1122732765452366,6.281443453929269,41.60474056866553,158.0548491910248,-1.0,122.40723419189453,0.9524783492088318,1554711302.9976244
39.96292953266318,116.43790341353011,6.778279939303174,6.288654010868251,41.58174313593062,163.91848433730604,-1.0,123.62078094482422,0.7542661428451538,1554711304.997533
39.96291466250074,116.43793606295631,6.689862455614296,6.31321137530942,41.60093320819769,168.91325842439878,-1.0,113.22624206542969,0.6284351348876953,1554711306.9974408
39.96290111706544,116.43795251496005,6.391910200175996,6.190482835180246,41.61209577790225,166.8107828956615,-1.0,117.45744323730469,0.6284351348876953,1554711307.997395
39.96287459700672,116.43797371578088,6.298521807495449,6.203658598594636,41.61202307855074,166.34629770066334,-1.0,124.9625473022461,0.7589101195335388,1554711309.997304
39.962845188410014,116.4379775777331,5.909513759865321,6.208345689899421,41.6603663021268,171.96172925131526,-1.0,137.67193603515625,0.6726062297821045,1554711312.9971654
39.962821979074,116.43799764083614,5.8866534567145505,6.278726511850551,41.67114620265849,171.07016931251852,-1.0,122.03410339355469,0.545464277267456,1554711315.9970274
39.96282517139704,116.43802087896533,6.19736952035572,6.2839171637015285,41.6506424302927,158.03570404983125,-1.0,126.18120574951172,0.5740765929222107,1554711317.9969351
39.962819524632486,116.43805135259991,6.259963041245329,6.2618377397303675,41.6274005670743,150.80963854826334,-1.0,131.18533325195312,0.6497921943664551,1554711319.9968433
39.962813989282765,116.43808651840718,6.477252573629891,6.211067884094446,41.64758825073112,141.88817029650838,-1.0,137.9743194580078,0.9079844951629639,1554711321.9967504
39.96280234173381,116.4381241463138,7.008884606553672,6.343016197016662,41.6587681342796,127.06920185186927,-1.0,137.83067321777344,0.9421256184577942,1554711323.9966588
39.96278824789771,116.43815685985737,7.431242134349873,6.427172816952838,41.64725014955716,123.60095084415788,-1.0,131.20156860351562,0.9869198799133301,1554711325.9965653
39.96278448850307,116.4381800477066,7.640302575098269,6.343374107876262,41.64191359768713,120.0250784294803,-1.0,129.99440002441406,1.0279492139816284,1554711326.9965205
39.9627852924733,116.43821074535366,7.716943045622542,6.364441440342103,41.63642537354668,113.73557516952967,-1.0,131.25181579589844,1.0279492139816284,1554711327.9964733
39.96276646941057,116.43822058999932,7.685196141593516,6.372068425025921,41.61352433019223,116.21935114797678,-1.0,134.97726440429688,1.0279492139816284,1554711328.9964273
39.96275774833405,116.43824234847864,7.568747987058792,6.367403427423004,41.59588411389321,119.66479556927962,-1.0,133.01553344726562,1.0942506790161133,1554711329.9963818
39.96274134597771,116.43825677556305,7.529510642891237,6.384733795250938,41.59626299901959,125.42318637434472,-1.0,136.57986450195312,1.293452262878418,1554711330.996335
39.96273253591986,116.43828140653133,7.438369885378663,6.420702485470637,41.56623552497625,124.73177324596058,-1.0,135.86569213867188,1.293452262878418,1554711331.996289
39.96272066589282,116.43830085150206,7.463528509205411,6.433141473885885,41.530038111254186,127.82444287049589,-1.0,135.7040252685547,1.293452262878418,1554711332.9962423
39.96271344054321,116.43832884078239,7.338550578326802,6.438508184221928,41.489347765016795,130.31449063736173,-1.0,134.8302001953125,0.9861157536506653,1554711334.9961505
39.96269916146158,116.43836397858057,7.197883726565791,6.429626358201757,41.50739098091534,133.38004689987835,-1.0,129.11569213867188,0.8921124339103699,1554711336.9960585
39.96269632739294,116.43839199464688,7.234345189931918,6.405208061987,41.517503944963266,134.24213846706817,-1.0,135.9046630859375,0.8921124339103699,1554711337.9960117
39.96269218563356,116.43842021502913,6.957204769320653,6.296348876332841,41.50703100768761,126.77430959232285,-1.0,133.51071166992188,0.8806406259536743,1554711339.9959183
39.96267480098413,116.43844669187196,6.8606992250371555,6.320738866838602,41.50652233202497,133.38139082528983,-1.0,134.8984832763672,0.9564662575721741,1554711342.9957805
39.962646369000794,116.43847129037391,6.87845223860583,6.290383791181144,41.46010615219828,141.71090870527058,-1.0,188.4478759765625,1.0742669105529785,1554711344.9956875
39.9626269532349,116.43849226804907,6.989676760189562,6.389550893847613,41.53882013976303,141.71090870527058,-1.0,191.78564453125,0.2913689911365509,1554711347.9955485
39.96261412033507,116.43846949938958,6.8569770428176655,6.390564595062325,41.750103454579914,141.71090870527058,-1.0,163.96083068847656,0.12793384492397308,1554711355.9951797
39.9626009640455,116.4384532462968,6.882132734955829,6.224652400262411,41.68954305563403,141.71090870527058,-1.0,129.96397399902344,0.06698884069919586,1554711363.9948084
39.96258806096614,116.43846998593145,6.82027893791864,6.213852328758236,41.72182420657494,145.45322709537615,-1.0,114.96926879882812,0.8425693511962891,1554711365.994748
39.96257200573381,116.43848200534235,7.156339002392645,6.310658582768375,41.713293050810236,150.71320495403194,-1.0,111.04309844970703,0.9104822278022766,1554711367.9946237
39.962552879766704,116.4385094127728,7.679065984383389,6.432338717431065,41.69803687653298,153.59451238007438,-1.0,128.60003662109375,0.9977203011512756,1554711370.994485
39.962535023903,116.43853500089281,8.111259532147564,6.419606653885929,41.6784930205435,150.6825663449361,-1.0,128.30284118652344,1.0262737274169922,1554711372.994392
39.962520762493185,116.43855116687735,8.13182729720898,6.400038691172251,41.67284471822008,148.86048672227238,-1.0,126.95133209228516,1.2503005266189575,1554711373.9943454
39.96250028395494,116.4385824578512,8.236248242544526,6.378007594800159,41.69176138432474,147.0875624739224,-1.0,126.63762664794922,1.2665753364562988,1554711375.9942532
39.962485552894144,116.43861421358854,8.555256029785735,6.441941597002545,41.69456973751016,149.44234613965241,-1.0,115.51765441894531,1.225226879119873,1554711377.994161
39.96247545115822,116.43863912816006,8.735787985230962,6.482073561561045,41.69377747241819,147.03167615745647,-1.0,117.91307830810547,1.225226879119873,1554711378.9941144
39.96246696729633,116.43866899191633,8.700924067114556,6.572394374352414,41.69982052066119,144.4374020550005,-1.0,129.9382781982422,1.1639223098754883,1554711380.994021
39.96245492891105,116.4386951863342,8.701048457682832,6.546905955978563,41.6959755108661,145.68103162698998,-1.0,129.1890106201172,1.1595577001571655,1554711382.9939287
39.96243699359833,116.43873720576272,8.478941332174065,6.521921907708412,41.68869507140948,142.84927969540277,-1.0,126.21106719970703,1.0413668155670166,1554711384.9938364
39.96242396151713,116.43876268468861,8.414866221293503,6.540303995974874,41.666774896509544,144.10082550854221,-1.0,127.73503112792969,1.3396989107131958,1554711386.993743
39.96240816504316,116.43877721673262,8.361589984966447,6.51890931191937,41.64871008560357,147.1323720762552,-1.0,136.2844696044922,0.8958222270011902,1554711388.993651
39.962394517764366,116.43879561874449,8.416792535742106,6.514240360060123,41.64212221404469,148.1973283657256,-1.0,132.35397338867188,0.8958222270011902,1554711389.9936051
39.96237485719751,116.43882722823963,8.612166986693241,6.65314120092202,41.623280627890054,146.26207108213353,-1.0,132.5674285888672,1.2410707473754883,1554711391.9935124
39.96235890196919,116.43885082486285,8.403216043594766,6.600141679047568,41.61535447820072,144.75565747826928,-1.0,124.31575775146484,1.2410707473754883,1554711392.993466
39.96234458091929,116.43887090485482,8.437618907848188,6.623947632025192,41.62300339745263,144.7452155781987,-1.0,126.23394775390625,1.336637020111084,1554711393.99342
39.962339092481734,116.43889696562405,8.297971252032465,6.5221452192445755,41.62757742015138,140.74066285564192,-1.0,128.40562438964844,1.6051311492919922,1554711394.9933732
39.96231828287353,116.4389286383527,8.576873546382183,6.532172416028313,41.6331047003225,143.03792176590392,-1.0,126.76364135742188,1.732679009437561,1554711396.9932806
39.96229913212442,116.43895951722263,8.656536856677675,6.443422613389091,41.638210028262236,139.83977918021202,-1.0,126.3996353149414,1.659375786781311,1554711398.993188
39.962282656452054,116.43898807428455,8.516062587918409,6.437964329700252,41.65630682367063,140.1799010806689,-1.0,122.29389953613281,1.3604921102523804,1554711400.9930954
39.96227064098722,116.43902585540076,8.58173106837001,6.432095088411682,41.664115710236956,136.00544990846456,-1.0,126.0115966796875,1.3604921102523804,1554711402.993003
39.962256938019536,116.43904849027268,8.598125762861205,6.468479460982556,41.67686828613294,137.78075960512984,-1.0,122.50597381591797,1.3288664817810059,1554711404.9929104
39.96224159277033,116.43906744937516,8.213999224496634,6.452644881901713,41.612519304484756,142.2001449409511,-1.0,123.93309020996094,0.7143753170967102,1554711407.9927716
39.9622282397534,116.43908607480255,7.858466706329592,6.375135968497731,41.602892530678005,145.2816036771046,-1.0,122.55162811279297,0.9187535643577576,1554711409.9926796
39.96221230533922,116.43910339852351,7.682819874154856,6.457409996074338,41.61519319675214,145.18963181323306,-1.0,142.8173370361328,0.9214675426483154,1554711411.9925866
39.96218148348809,116.43911779244578,7.516804453691245,6.45514014685752,41.62373192006892,149.94120005083764,-1.0,139.03070068359375,0.9232165217399597,1554711413.9924932
39.96215000400465,116.43913702575666,7.506593347429242,6.472822630876961,41.6181877347824,152.59571901559138,-1.0,135.7318878173828,1.3427801132202148,1554711415.9924006
39.962133838219636,116.439148629773,7.47711257863888,6.487073999944304,41.61364969904391,154.75640106883168,-1.0,133.17274475097656,1.3427801132202148,1554711416.9923549
39.96210503352907,116.43917006813913,7.524270459380199,6.406549091795823,41.61591272126202,155.99793154118765,-1.0,125.90161895751953,1.1900644302368164,1554711418.9922616
39.96208309458102,116.43920426272614,7.272191779594616,6.322674429462778,41.58699061986011,149.18816776352955,-1.0,129.5194854736328,1.5584181547164917,1554711420.9921696
39.962062033738285,116.43923073067515,7.125047145584121,6.3412429818898355,41.57490328032246,145.82835871684927,-1.0,126.61673736572266,1.4414188861846924,1554711422.9920769
39.96204171312271,116.43924908215928,7.12975567163423,6.37261141133757,41.57251453183788,145.61426110510328,-1.0,131.76528930664062,1.1544047594070435,1554711424.9919841
39.96202179906132,116.4392829517035,7.189919263399534,6.400522135502308,41.54519406314081,140.53301079371278,-1.0,128.90000915527344,1.584613561630249,1554711426.9918914
39.96200541404557,116.4393150024251,7.140273696827891,6.417795316150094,41.525442419522335,136.51854688336377,-1.0,132.38272094726562,1.5530136823654175,1554711428.9917994
39.96198410332465,116.43934660387984,6.999068057644499,6.385701526968301,41.50221770172793,138.60691511471876,-1.0,138.42120361328125,1.191582441329956,1554711430.9917064
39.96196927588385,116.43937699705738,6.788237726014034,6.373052038150653,41.47303436457263,139.23892432703911,-1.0,135.02183532714844,1.1589670181274414,1554711432.9916143
39.961951753625435,116.4393981709702,6.587335157712702,6.414004593921557,41.48889482640455,138.42347340839106,-1.0,137.3863067626953,0.9415213465690613,1554711434.991521
39.96192590748002,116.43940816918895,6.600808945250897,6.439967385986913,41.49082027187059,146.50666425045685,-1.0,148.20777893066406,1.0578733682632446,1554711436.9914286
39.96190646701547,116.43942487262031,6.81058951637211,6.501333269187691,41.52952469529266,150.95565885293556,-1.0,149.05780029296875,0.9821127653121948,1554711438.9913368
39.96188461951131,116.4394425222796,6.743838764429104,6.450844325675724,41.56678438448445,154.95807859532832,-1.0,135.9188690185547,0.9844077825546265,1554711440.9912438
39.961863741691516,116.43947170125715,6.72109447494758,6.453057471555753,41.56831695090084,150.16343692799356,-1.0,138.6456298828125,1.147456407546997,1554711442.9911504
39.961840524913185,116.43949623950283,6.656464770209197,6.487594863866542,41.53457033557886,152.27971945050666,-1.0,143.0521697998047,1.533844232559204,1554711444.9910579
39.96183482126726,116.43952689765585,6.869021170630022,6.602898286099278,41.4833645864338,138.08426884251327,-1.0,135.84341430664062,1.1743929386138916,1554711446.9909663
39.961815681969306,116.43955060481858,6.832611041244895,6.607086941829433,41.45076917687095,134.9641649786984,-1.0,139.1865692138672,0.9003987908363342,1554711448.9908736
39.961795791319965,116.43957009945198,6.8234028676620015,6.602747869292691,41.387451093131766,138.73470860069594,-1.0,142.8062286376953,1.0872911214828491,1554711450.9907799
39.96177939402641,116.43959378879723,6.901643366456411,6.5515005702649765,41.31655144781245,141.5799260333661,-1.0,135.4578399658203,1.0165873765945435,1554711452.9906878
39.96176694877795,116.43961129794512,6.674682446998224,6.573776262547034,41.25704503503515,144.92085257781486,-1.0,129.7958221435547,0.9978087544441223,1554711454.9905953
39.96174498428549,116.43963492449039,6.556858347928013,6.478240455562031,41.1810162291441,147.85343747198957,-1.0,122.91780853271484,0.959961473941803,1554711457.9904566
39.96172589929771,116.43965024877461,6.861428842720121,6.5340125104320075,41.135611992420245,147.89739985351065,-1.0,126.50363159179688,0.9871317744255066,1554711459.9903634
39.96171538407248,116.4396791628938,6.885719475270628,6.474730722331134,41.091563950683316,139.30422181942225,-1.0,114.06694030761719,1.2044368982315063,1554711461.990271
39.96170431038563,116.43970023527173,6.848390820727232,6.466229290113979,41.03746660479314,135.50113077474475,-1.0,123.51071166992188,1.2044368982315063,1554711462.9902246
39.961683910099175,116.43973173344021,6.668891080613356,6.45559627978357,40.91557059013821,129.64517712449066,-1.0,123.80134582519531,1.0356355905532837,1554711464.9901323
39.961676526946434,116.43975972978905,6.665488694488117,6.53024319254931,40.8446974435876,124.11437805109362,-1.0,129.7726593017578,1.0704312324523926,1554711465.990086
39.961659365043666,116.43979471609985,6.547972116292909,6.570696230739694,40.72867328274991,127.10860052509402,-1.0,129.74703979492188,1.038482427597046,1554711467.9899926
39.96164106395061,116.43981322929855,6.6083986942554125,6.577962819529436,40.70603201083012,132.50344863837464,-1.0,130.49180603027344,0.9314661026000977,1554711469.9899008
39.96162174083664,116.43982519017025,6.628172133783268,6.593132349398665,40.68616300606606,138.2052713880258,-1.0,120.78345489501953,0.9827006459236145,1554711471.9898083
39.96159549642273,116.43985794856779,6.591990809150655,6.533712886981666,40.64223250189972,151.69793118472506,-1.0,134.45799255371094,0.9319536685943604,1554711473.9897153
39.96158993892091,116.43988810889084,6.399687583798961,6.530555775736894,40.62711738716174,150.10966704544055,-1.0,145.7519073486328,1.0363521575927734,1554711474.9896688
39.96158455379591,116.43991801877749,6.189564113600688,6.518274073337112,40.619377525331025,148.32108143720055,-1.0,142.6715545654297,0.925092339515686,1554711475.9896226
39.96157281556126,116.43993615690306,6.126688512728165,6.3888527421529675,40.59936890001543,145.5437153746106,-1.0,140.77471923828125,0.9270210266113281,1554711476.9895768
39.96155033188485,116.43996461693554,6.131275956900512,6.455372052004033,40.593602504906336,145.69393814253678,-1.0,143.60919189453125,0.9270210266113281,1554711478.9894843
39.96153092084749,116.43999035269256,6.029065620488653,6.495306053195619,40.578548643431816,145.39359049621802,-1.0,139.43934631347656,0.7422276139259338,1554711480.9893913
39.96151764655585,116.44001546685422,6.182661638884363,6.470994653889455,40.58559986875345,145.3888467045689,-1.0,135.9529266357422,0.7554743885993958,1554711482.9892983
39.961500562200364,116.44005079584856,6.386752126495547,6.5593089920810135,40.58607286776574,146.5342999842879,-1.0,135.26083374023438,0.7332818508148193,1554711484.9892068
39.96148861266365,116.44007196112396,6.287380009673456,6.536922752347745,40.574901165866,143.54940179678476,-1.0,140.65199279785156,1.1759529113769531,1554711485.98916
39.961473164187936,116.44009659191744,6.2346980854876115,6.345700196427597,40.55198943103792,141.01333645083764,-1.0,139.49830627441406,1.0334525108337402,1554711487.9890668
39.961456417516644,116.44012330186604,6.382657447876616,6.3863102860504615,40.57972613787547,142.82423819306078,-1.0,143.1039581298828,0.5740540623664856,1554711489.9889746
39.96144028477631,116.44015508268684,6.330705281249329,6.370361075002161,40.57425227807592,138.030623727193,-1.0,140.23265075683594,0.7846837043762207,1554711491.9888825
39.96142261402184,116.44016495297323,6.337219653026853,6.4887445531487815,40.582266368145554,138.20381509452153,-1.0,137.63912963867188,0.7846837043762207,1554711492.9888365
39.96140436421464,116.44019497076364,6.6924254089259625,6.544072918410934,40.596619687232305,135.76573772074897,-1.0,134.09713745117188,0.8166988492012024,1554711495.9886966
39.96137972231072,116.44022108323263,6.794401210471726,6.526689494868646,40.59048225068911,139.37001780178196,-1.0,162.20013427734375,0.8697068691253662,1554711497.9886045
39.961355990502625,116.44020522855176,6.602497513036209,6.418281719091305,40.5841998042641,148.2856411952314,-1.0,211.41139221191406,0.8787177205085754,1554711499.988511
39.96134211625405,116.44018314775546,6.488499298222554,6.365161268117649,40.60217680468684,154.65242455115873,-1.0,219.90589904785156,0.8707985281944275,1554711500.9884658
39.961308559883406,116.44017590991342,6.408781101579784,6.453577495703032,40.61260545643406,164.4115627963886,-1.0,224.3148956298828,0.8707985281944275,1554711502.9883726
39.96128680650661,116.44015767547644,6.2869529735678285,6.27382406804437,40.619563354043684,168.13586925697848,-1.0,235.52569580078125,0.7297267317771912,1554711504.9882803
39.96125883559038,116.44015646116868,6.25354010421705,6.284250760364485,40.604579253354,173.5345065682564,-1.0,229.82919311523438,0.5057953596115112,1554711506.988188
39.961245457379334,116.44013521644845,6.237938612906527,6.184629969438053,40.62600609683612,187.05740756793918,-1.0,236.5682373046875,0.5331186056137085,1554711508.9880943
39.9612279158945,116.44012473527161,6.470599550954545,6.33289638318345,40.66909752071395,197.7177307314207,-1.0,230.14923095703125,0.8570947051048279,1554711510.9880025
39.961198139800324,116.4401217385093,7.171703361221717,6.499405314633723,40.638552886508656,202.38494693856217,-1.0,226.183837890625,0.8982897400856018,1554711512.9879103
39.961169167419115,116.44010976937165,7.656778354229665,6.5846605685886255,40.674008180944604,207.55352883834118,-1.0,222.11936950683594,0.8941187858581543,1554711514.9878178
39.96114961100446,116.44010642846399,7.682372818899466,6.543543399533678,40.68604325257684,208.9924772423091,-1.0,218.45913696289062,0.8433661460876465,1554711515.9877708
39.96111920256788,116.44007508855546,7.873715844537375,6.443186723618831,40.72144225606504,217.61337148520167,-1.0,214.5238037109375,1.0206621885299683,1554711517.987678
39.96110883056364,116.44005294798146,7.705967388955886,6.460544225983865,40.733823680574396,220.81547269560593,-1.0,217.0584716796875,1.0841883420944214,1554711518.987632
39.96108323493881,116.44004717505752,7.702003117368496,6.492831160503155,40.744626284994474,218.5205863290139,-1.0,223.7054901123047,1.1182924509048462,1554711519.987585
39.9610508139521,116.44004788152586,7.586889133440416,6.4659293304432675,40.7370447871104,218.23078789247714,-1.0,223.09629821777344,1.056069016456604,1554711520.9875395
39.96102524826377,116.44003849323498,7.525357369652829,6.3724909146175985,40.747902095446015,214.37082072713122,-1.0,227.37413024902344,1.118760108947754,1554711521.9874935
39.960995523948334,116.44000604271335,7.324889071313279,6.376291700660931,40.6447558980261,215.4956378869656,-1.0,231.76173400878906,1.118760108947754,1554711523.987401
39.96099016844921,116.43998096730176,7.167325572661218,6.3685210083185275,40.5866268532615,217.18034433677292,-1.0,231.46246337890625,1.1422126293182373,1554711524.9873552
39.96095920826531,116.43995259731149,7.219460524745979,6.413520518314741,40.526735131093076,219.067666308531,-1.0,238.35137939453125,1.4612358808517456,1554711526.9872613
39.96092736042143,116.43992870761197,7.219162903951837,6.405268811212887,40.40392770831957,217.46494077873328,-1.0,245.18563842773438,1.4612358808517456,1554711528.9871697
39.960910311755924,116.43990057530424,7.291085566815427,6.345768032008728,40.32712413997474,216.76891240921103,-1.0,240.03759765625,1.1494733095169067,1554711530.9870768
39.96088604886773,116.43988288826314,7.096697123629274,6.303940831062007,40.29140164187856,215.66350280057546,-1.0,234.20396423339844,0.8607828617095947,1554711532.9869833
39.960861903669134,116.43986598016834,7.180787625705361,6.341297980100109,40.3312099511288,211.2710094210248,-1.0,228.3547821044922,0.8561347126960754,1554711534.9868908
39.960833561788135,116.43984146704625,7.2105036516465875,6.340168242395922,40.32813651881222,210.49677871910768,-1.0,229.63735961914062,1.496835470199585,1554711536.9868088
39.96081647695762,116.43983364805827,7.251824678447838,6.379628369263529,40.34405016245086,207.36862337463495,-1.0,232.1573486328125,1.3208891153335571,1554711537.986752
39.96079934082835,116.43982291855654,7.27621855864335,6.39737190027915,40.35688600176036,204.50969697566205,-1.0,231.25534057617188,1.496835470199585,1554711538.9867063
39.96079032547977,116.43978108033005,6.711142597646314,6.371222681906032,40.35460492286066,201.79625181286465,-1.0,219.16842651367188,1.1672075986862183,1554711540.9866133
39.960789322086804,116.4397476465702,6.4263983601308645,6.346353850277788,40.36185464693071,213.18376349627204,-1.0,223.89881896972656,1.507207989692688,1554711541.9865677
39.9607684325102,116.4397334597844,6.657632579974676,6.381716358513529,40.3286997495303,211.9490168473996,-1.0,227.58717346191406,1.0052708387374878,1554711543.9864745
39.960748798047604,116.43972781687485,6.973083581940363,6.458992340459025,40.31460921736647,208.8035750050592,-1.0,228.96299743652344,0.9914047122001648,1554711545.986382
39.96073609620758,116.43970341242,6.97394215325766,6.397782382514207,40.352104159915,212.11360349346597,-1.0,227.27455139160156,0.8817697167396545,1554711547.9862888
39.9607284293463,116.43966021625796,7.133539514069109,6.453588479853883,40.353963069894945,226.1336708981314,-1.0,223.83074951171875,1.0542293787002563,1554711549.9861965
39.960715923331755,116.43962320509686,7.122714295795311,6.370388393545958,40.34626751699545,229.8865718648215,-1.0,220.73716735839844,0.9632002115249634,1554711551.986104
39.96069137824589,116.4396183485956,7.014934271361881,6.396418933184021,40.34496483922504,230.86891891639158,-1.0,218.83816528320312,0.9632002115249634,1554711552.986058
39.960686921161454,116.43957581939445,7.094738451738648,6.3371991525657005,40.28367126895268,232.70307923198396,-1.0,226.4253387451172,0.9329378008842468,1554711554.9859643
39.96066964425328,116.43955130336917,7.285445106766965,6.375421432243505,40.23434537737135,236.1211597871084,-1.0,221.360595703125,1.037176489830017,1554711556.9858725
39.96065084768794,116.4395275196209,7.586577265062395,6.476472800653029,40.090795082159616,234.9259298750811,-1.0,230.2298126220703,1.037176489830017,1554711558.9857793
39.96062208116698,116.43951727502228,7.346448785584231,6.447810861722081,40.06147106713084,217.03169822720002,-1.0,231.90550231933594,1.0597862005233765,1554711559.9857335
39.960605418960306,116.43950581356991,7.4016981096754675,6.468665943606237,40.03114286869721,213.62717419000342,-1.0,237.00662231445312,1.5832316875457764,1554711560.9856873
39.96058941953072,116.43949146216391,7.380417010595053,6.4452704649876615,39.967606381568864,214.36257968057282,-1.0,232.68106079101562,1.5832316875457764,1554711561.985641
39.96056733185632,116.43946494498918,7.422926598357011,6.441927738716113,39.863949976768794,213.5364460958423,-1.0,233.35708618164062,1.5046107769012451,1554711563.985548
39.96054833328581,116.43943046181737,7.121299474310259,6.3549348875967695,39.643074271363034,216.19696709914808,-1.0,230.77114868164062,1.2906360626220703,1554711565.985456
39.96051997909984,116.43941073170521,7.268003429357682,6.3277188003400004,39.4971703289921,216.7281364403988,-1.0,225.95993041992188,1.2906360626220703,1554711567.9853673
39.96050033406462,116.43940432407567,7.42227254960259,6.370054785669453,39.42005987175607,214.77081591240147,-1.0,234.97747802734375,1.2670685052871704,1554711568.9853168
39.960473675806185,116.43938715567685,7.351551361992622,6.395729792750813,39.31090205321434,211.64888074697257,-1.0,236.69210815429688,0.780665934085846,1554711570.9852238
39.96046487430578,116.43936388194275,6.852404470232694,6.279827934592484,39.28168506627421,205.63788241266553,-1.0,243.6534423828125,0.8123171925544739,1554711573.9850855
39.960438495779606,116.43936223501645,7.0196545772651975,6.280368672273192,39.30786459864553,206.69156163371008,-1.0,231.23553466796875,1.1263291835784912,1554711575.984993
39.96040979742933,116.4393454427261,7.197862617843629,6.183930203063693,39.3632641404263,207.54946131777183,-1.0,242.396240234375,1.1263291835784912,1554711577.9849005
39.96038204624966,116.43932901321752,7.1715250468767335,6.230704696341139,39.50794220462386,208.07579004083837,-1.0,236.31224060058594,0.7543159127235413,1554711579.984807
39.96036507027973,116.43931591649306,7.245987946343826,6.308928330089912,39.586178465449926,212.80238205146043,-1.0,232.77777099609375,1.077914834022522,1554711580.9847612
39.96033840538684,116.43929067876898,7.667567126844087,6.455071704546587,39.67136627068573,215.50618846078805,-1.0,235.73196411132812,1.1952046155929565,1554711582.9847324
39.960324409961075,116.43926757593543,7.831257733891189,6.416230323623845,39.765403820992724,216.82130836178365,-1.0,234.8446502685547,1.13113272190094,1554711584.9845757
39.96031192122098,116.43923320569154,7.64663003035497,6.369989537792142,39.81119301150733,220.6591230031918,-1.0,239.075927734375,0.8152667284011841,1554711586.9844832
39.960297501379145,116.43920568830012,7.868419422865205,6.459760555506396,39.81557272171865,224.12277171571253,-1.0,236.273193359375,0.8415839076042175,1554711588.9843912
39.96028122737331,116.43918739797542,7.82659720439721,6.336217403045415,39.80646856632075,229.15017999303183,-1.0,235.92294311523438,0.8288092613220215,1554711590.9842987
39.9602700294863,116.43915436925583,7.832050844547868,6.383124225850765,39.78513521353912,228.40385774316,-1.0,233.08987426757812,0.8473123908042908,1554711592.9842052
39.96025585476596,116.43912625670512,7.76544572146386,6.398671719850206,39.75254287925405,236.7112495089571,-1.0,233.94854736328125,1.1398950815200806,1554711594.9841127
39.96024380244052,116.43909815521491,7.437924411409717,6.412286182602407,39.72315721684286,234.84346612240122,-1.0,234.03677368164062,1.0285712480545044,1554711596.9840212
39.96023717491739,116.43907033347499,7.34811815233574,6.322098680382199,39.726633855342726,238.2996780214436,-1.0,229.5905303955078,0.8876552581787109,1554711598.983928
39.9602298963519,116.43904675002823,7.517454660704705,6.36993250726117,39.71276167024318,241.30624547757535,-1.0,228.39291381835938,0.7726577520370483,1554711600.983836
39.9602087642352,116.43904725222025,7.635792772756159,6.370926734125018,39.772432244542685,242.0733670779982,-1.0,229.47732543945312,0.7381181120872498,1554711602.9837427
39.96018832498364,116.43901880045449,7.711657705556445,6.438695790146275,39.763689310941885,240.7313484322346,-1.0,233.42007446289062,0.9224520325660706,1554711604.9836495
39.96017893393375,116.43899257429382,7.588192248394881,6.481278320363838,39.73646076316329,242.73201045683987,-1.0,232.94607543945312,0.9434865713119507,1554711606.9835577
39.96017184437116,116.43896508872471,7.393459715974743,6.493812541646048,39.699507501646096,246.32002275213017,-1.0,228.7815704345703,0.7386688590049744,1554711608.9834647
39.96015701584824,116.43895077437688,7.376808354760021,6.41578579152651,39.646837332685166,240.2004427378294,-1.0,233.27720642089844,1.0209259986877441,1554711611.9833262
39.96014997781971,116.43892563348744,7.382842836951807,6.415986401023964,39.606621292036394,243.70353553834897,-1.0,235.5360565185547,0.9530388116836548,1554711613.983234
39.960137485037926,116.43889082020897,7.539181833750161,6.4361918682763815,39.55715316841212,247.90680211053584,-1.0,230.34326171875,0.8812558054924011,1554711615.9831405
39.96012290501712,116.43887614292358,7.556053094127789,6.418257179642716,39.453716376458175,248.70765186779823,-1.0,225.86607360839844,0.7118303775787354,1554711617.983048
39.96010379823464,116.4388578472909,7.68497536891285,6.3689707460332725,39.4218837014834,248.3627855478926,-1.0,225.93434143066406,0.8635529279708862,1554711619.9829555
39.96008639542735,116.43882092880102,7.549895336819839,6.415907936825829,39.387277981591936,248.96359619962269,-1.0,228.63294982910156,1.0906342267990112,1554711621.982863
39.96005904128599,116.43879486993656,7.615565728708939,6.5196964061358225,39.28234673480773,247.2435997958057,-1.0,220.34255981445312,1.0906342267990112,1554711623.98277
39.960035761206164,116.43877564162925,8.184657344373472,6.623068270383884,39.19439293115245,237.96102182481013,-1.0,224.54336547851562,1.2166677713394165,1554711625.982678
39.960026594827234,116.43875152125301,7.878612739537956,6.538851583781978,39.12101355957973,233.10229163430026,-1.0,218.12835693359375,1.415863037109375,1554711626.9826317
39.96000383186169,116.4387291531151,7.681954040632261,6.4694863047209745,39.037105038920465,229.95554999032746,-1.0,229.17808532714844,1.0853067636489868,1554711628.9825387
39.95998448422651,116.4387147132793,7.722684292068549,6.568053468088734,39.00020226962313,220.37674979672693,-1.0,225.65892028808594,1.0853067636489868,1554711629.9824924
39.95996979760899,116.43869710088975,7.622839388206755,6.595623076500614,39.00116428239368,219.4719613575869,-1.0,224.26036071777344,1.5325442552566528,1554711630.982446
39.95994254796037,116.43867628438053,7.399947529815315,6.523481118478691,38.9458838255572,212.54763871959324,-1.0,219.3948516845703,1.4679659605026245,1554711632.9823537
39.95991817224278,116.43865679148526,7.255166415165695,6.636885624581033,38.89994103471881,207.27055538945683,-1.0,225.28814697265625,1.2948201894760132,1554711634.9822602
39.95989864361718,116.43864121366163,7.123443123645867,6.595795830824089,38.91846401733236,207.13067021130814,-1.0,229.003173828125,1.2255128622055054,1554711636.9821682
39.95987399169752,116.4386256850323,6.810765204062161,6.551380872113076,38.96556310993114,210.1599549802956,-1.0,232.46446228027344,0.9313032627105713,1554711638.9820757
39.95986205235223,116.43860793036974,6.589203945669161,6.522662315163893,39.01922572583008,213.47109341260364,-1.0,231.0192413330078,0.8051513433456421,1554711640.9819822
39.95983929335244,116.43859426024964,6.547929310739768,6.565781484728548,39.07759796880268,212.3701583868231,-1.0,232.39527893066406,0.8051513433456421,1554711642.98189
39.95981771666974,116.43858269500103,6.709602093416755,6.592904737125387,39.17926062571408,212.58296144048256,-1.0,212.38853454589844,0.7775421738624573,1554711644.9817982
39.959798682264946,116.43858159619757,6.5848228450205815,6.565912689478406,39.20159308806616,208.57905304080802,-1.0,221.50157165527344,0.9821661710739136,1554711646.981705
39.95978032146648,116.43858367677606,6.453483736575665,6.569269242748139,39.23610094610183,199.06757111386534,-1.0,228.84445190429688,0.9821661710739136,1554711647.9816585
39.95976140611527,116.43855720201786,6.338941875182082,6.529964771613932,39.33844669503012,201.81172728775266,-1.0,235.63406372070312,0.5065813660621643,1554711650.9815202
39.95974154216961,116.43856381415414,6.40657589938006,6.478185422023969,39.44430949271283,201.81172728775266,-1.0,238.16876220703125,0.24327513575553894,1554711653.981382
